Arguments: 
  /Users/mac/.nvm/versions/node/v14.19.0/bin/node /Users/mac/.nvm/versions/node/v14.19.0/bin/yarn run dev

PATH: 
  /Users/mac/.nvm/versions/node/v14.19.0/bin:/usr/local/bin:/usr/bin:/bin:/usr/sbin:/sbin:/Library/Apple/usr/bin:/Users/mac/.nvm/versions/node/v14.19.0/bin

Yarn version: 
  1.22.17

Node version: 
  14.19.0

Platform: 
  darwin x64

Trace: 
  SyntaxError: /Users/mac/project/react/react-lint/package.json: Unexpected token } in JSON at position 690
      at JSON.parse (<anonymous>)
      at /Users/mac/.nvm/versions/node/v14.19.0/lib/node_modules/yarn/lib/cli.js:1625:59
      at Generator.next (<anonymous>)
      at step (/Users/mac/.nvm/versions/node/v14.19.0/lib/node_modules/yarn/lib/cli.js:310:30)
      at /Users/mac/.nvm/versions/node/v14.19.0/lib/node_modules/yarn/lib/cli.js:321:13

npm manifest: 
  {
    "name": "react-lint",
    "version": "1.0.0",
    "main": "index.js",
    "license": "MIT",
    "devDependencies": {
      "html-webpack-plugin": "^5.5.0",
      "webpack": "^5.72.1",
      "webpack-cli": "^4.9.2"
    },
    "dependencies": {
      "cross-env": "^7.0.3",
      "eslint": "^8.15.0",
      "eslint-config-prettier": "^8.5.0",
      "eslint-plugin-prettier": "^4.0.0",
      "eslint-staged": "^1.0.1",
      "husky": "^8.0.1",
      "prettier": "^2.6.2",
      "react": "^18.1.0",
      "react-router-dom": "^6.3.0",
      "redux": "^4.2.0",
      "typescript": "^4.6.4"
    },
    "scripts": {
      "dev": "cross-env NODE_ENV=development webpack serve",
      "build": "cross-env NODE_ENV=production webpack build",
    }
  }

yarn manifest: 
  No manifest

Lockfile: 
  # THIS IS AN AUTOGENERATED FILE. DO NOT EDIT THIS FILE DIRECTLY.
  # yarn lockfile v1
  
  
  "@babel/runtime@^7.7.6", "@babel/runtime@^7.9.2":
    version "7.18.0"
    resolved "http://r.npm.sankuai.com/@babel/runtime/download/@babel/runtime-7.18.0.tgz#6d77142a19cb6088f0af662af1ada37a604d34ae"
    integrity sha1-bXcUKhnLYIjwr2Yq8a2jemBNNK4=
    dependencies:
      regenerator-runtime "^0.13.4"
  
  "@discoveryjs/json-ext@^0.5.0":
    version "0.5.6"
    resolved "http://r.npm.sankuai.com/@discoveryjs/json-ext/download/@discoveryjs/json-ext-0.5.6.tgz#d5e0706cf8c6acd8c6032f8d54070af261bbbb2f"
    integrity sha1-1eBwbPjGrNjGAy+NVAcK8mG7uy8=
  
  "@eslint/eslintrc@^1.2.3":
    version "1.2.3"
    resolved "http://r.npm.sankuai.com/@eslint/eslintrc/download/@eslint/eslintrc-1.2.3.tgz#fcaa2bcef39e13d6e9e7f6271f4cc7cae1174886"
    integrity sha1-/KorzvOeE9bp5/YnH0zHyuEXSIY=
    dependencies:
      ajv "^6.12.4"
      debug "^4.3.2"
      espree "^9.3.2"
      globals "^13.9.0"
      ignore "^5.2.0"
      import-fresh "^3.2.1"
      js-yaml "^4.1.0"
      minimatch "^3.1.2"
      strip-json-comments "^3.1.1"
  
  "@humanwhocodes/config-array@^0.9.2":
    version "0.9.5"
    resolved "http://r.npm.sankuai.com/@humanwhocodes/config-array/download/@humanwhocodes/config-array-0.9.5.tgz#2cbaf9a89460da24b5ca6531b8bbfc23e1df50c7"
    integrity sha1-LLr5qJRg2iS1ymUxuLv8I+HfUMc=
    dependencies:
      "@humanwhocodes/object-schema" "^1.2.1"
      debug "^4.1.1"
      minimatch "^3.0.4"
  
  "@humanwhocodes/object-schema@^1.2.1":
    version "1.2.1"
    resolved "http://r.npm.sankuai.com/@humanwhocodes/object-schema/download/@humanwhocodes/object-schema-1.2.1.tgz#b520529ec21d8e5945a1851dfd1c32e94e39ff45"
    integrity sha1-tSBSnsIdjllFoYUd/Rwy6U45/0U=
  
  "@types/eslint-scope@^3.7.3":
    version "3.7.3"
    resolved "http://r.npm.sankuai.com/@types/eslint-scope/download/@types/eslint-scope-3.7.3.tgz#125b88504b61e3c8bc6f870882003253005c3224"
    integrity sha1-EluIUEth48i8b4cIggAyUwBcMiQ=
    dependencies:
      "@types/eslint" "*"
      "@types/estree" "*"
  
  "@types/eslint@*":
    version "8.4.1"
    resolved "http://r.npm.sankuai.com/@types/eslint/download/@types/eslint-8.4.1.tgz#c48251553e8759db9e656de3efc846954ac32304"
    integrity sha1-xIJRVT6HWdueZW3j78hGlUrDIwQ=
    dependencies:
      "@types/estree" "*"
      "@types/json-schema" "*"
  
  "@types/estree@*", "@types/estree@^0.0.51":
    version "0.0.51"
    resolved "http://r.npm.sankuai.com/@types/estree/download/@types/estree-0.0.51.tgz#cfd70924a25a3fd32b218e5e420e6897e1ac4f40"
    integrity sha1-z9cJJKJaP9MrIY5eQg5ol+GsT0A=
  
  "@types/html-minifier-terser@^6.0.0":
    version "6.1.0"
    resolved "http://r.npm.sankuai.com/@types/html-minifier-terser/download/@types/html-minifier-terser-6.1.0.tgz#4fc33a00c1d0c16987b1a20cf92d20614c55ac35"
    integrity sha1-T8M6AMHQwWmHsaIM+S0gYUxVrDU=
  
  "@types/json-schema@*", "@types/json-schema@^7.0.8":
    version "7.0.11"
    resolved "http://r.npm.sankuai.com/@types/json-schema/download/@types/json-schema-7.0.11.tgz#d421b6c527a3037f7c84433fd2c4229e016863d3"
    integrity sha1-1CG2xSejA398hEM/0sQingFoY9M=
  
  "@types/node@*":
    version "17.0.34"
    resolved "http://r.npm.sankuai.com/@types/node/download/@types/node-17.0.34.tgz#3b0b6a50ff797280b8d000c6281d229f9c538cef"
    integrity sha1-OwtqUP95coC40ADGKB0in5xTjO8=
  
  "@webassemblyjs/ast@1.11.1":
    version "1.11.1"
    resolved "http://r.npm.sankuai.com/@webassemblyjs/ast/download/@webassemblyjs/ast-1.11.1.tgz#2bfd767eae1a6996f432ff7e8d7fc75679c0b6a7"
    integrity sha1-K/12fq4aaZb0Mv9+jX/HVnnAtqc=
    dependencies:
      "@webassemblyjs/helper-numbers" "1.11.1"
      "@webassemblyjs/helper-wasm-bytecode" "1.11.1"
  
  "@webassemblyjs/floating-point-hex-parser@1.11.1":
    version "1.11.1"
    resolved "http://r.npm.sankuai.com/@webassemblyjs/floating-point-hex-parser/download/@webassemblyjs/floating-point-hex-parser-1.11.1.tgz#f6c61a705f0fd7a6aecaa4e8198f23d9dc179e4f"
    integrity sha1-9sYacF8P16auyqToGY8j2dwXnk8=
  
  "@webassemblyjs/helper-api-error@1.11.1":
    version "1.11.1"
    resolved "http://r.npm.sankuai.com/@webassemblyjs/helper-api-error/download/@webassemblyjs/helper-api-error-1.11.1.tgz#1a63192d8788e5c012800ba6a7a46c705288fd16"
    integrity sha1-GmMZLYeI5cASgAump6RscFKI/RY=
  
  "@webassemblyjs/helper-buffer@1.11.1":
    version "1.11.1"
    resolved "http://r.npm.sankuai.com/@webassemblyjs/helper-buffer/download/@webassemblyjs/helper-buffer-1.11.1.tgz#832a900eb444884cde9a7cad467f81500f5e5ab5"
    integrity sha1-gyqQDrREiEzemnytRn+BUA9eWrU=
  
  "@webassemblyjs/helper-numbers@1.11.1":
    version "1.11.1"
    resolved "http://r.npm.sankuai.com/@webassemblyjs/helper-numbers/download/@webassemblyjs/helper-numbers-1.11.1.tgz#64d81da219fbbba1e3bd1bfc74f6e8c4e10a62ae"
    integrity sha1-ZNgdohn7u6HjvRv8dPboxOEKYq4=
    dependencies:
      "@webassemblyjs/floating-point-hex-parser" "1.11.1"
      "@webassemblyjs/helper-api-error" "1.11.1"
      "@xtuc/long" "4.2.2"
  
  "@webassemblyjs/helper-wasm-bytecode@1.11.1":
    version "1.11.1"
    resolved "http://r.npm.sankuai.com/@webassemblyjs/helper-wasm-bytecode/download/@webassemblyjs/helper-wasm-bytecode-1.11.1.tgz#f328241e41e7b199d0b20c18e88429c4433295e1"
    integrity sha1-8ygkHkHnsZnQsgwY6IQpxEMyleE=
  
  "@webassemblyjs/helper-wasm-section@1.11.1":
    version "1.11.1"
    resolved "http://r.npm.sankuai.com/@webassemblyjs/helper-wasm-section/download/@webassemblyjs/helper-wasm-section-1.11.1.tgz#21ee065a7b635f319e738f0dd73bfbda281c097a"
    integrity sha1-Ie4GWntjXzGec48N1zv72igcCXo=
    dependencies:
      "@webassemblyjs/ast" "1.11.1"
      "@webassemblyjs/helper-buffer" "1.11.1"
      "@webassemblyjs/helper-wasm-bytecode" "1.11.1"
      "@webassemblyjs/wasm-gen" "1.11.1"
  
  "@webassemblyjs/ieee754@1.11.1":
    version "1.11.1"
    resolved "http://r.npm.sankuai.com/@webassemblyjs/ieee754/download/@webassemblyjs/ieee754-1.11.1.tgz#963929e9bbd05709e7e12243a099180812992614"
    integrity sha1-ljkp6bvQVwnn4SJDoJkYCBKZJhQ=
    dependencies:
      "@xtuc/ieee754" "^1.2.0"
  
  "@webassemblyjs/leb128@1.11.1":
    version "1.11.1"
    resolved "http://r.npm.sankuai.com/@webassemblyjs/leb128/download/@webassemblyjs/leb128-1.11.1.tgz#ce814b45574e93d76bae1fb2644ab9cdd9527aa5"
    integrity sha1-zoFLRVdOk9drrh+yZEq5zdlSeqU=
    dependencies:
      "@xtuc/long" "4.2.2"
  
  "@webassemblyjs/utf8@1.11.1":
    version "1.11.1"
    resolved "http://r.npm.sankuai.com/@webassemblyjs/utf8/download/@webassemblyjs/utf8-1.11.1.tgz#d1f8b764369e7c6e6bae350e854dec9a59f0a3ff"
    integrity sha1-0fi3ZDaefG5rrjUOhU3smlnwo/8=
  
  "@webassemblyjs/wasm-edit@1.11.1":
    version "1.11.1"
    resolved "http://r.npm.sankuai.com/@webassemblyjs/wasm-edit/download/@webassemblyjs/wasm-edit-1.11.1.tgz#ad206ebf4bf95a058ce9880a8c092c5dec8193d6"
    integrity sha1-rSBuv0v5WgWM6YgKjAksXeyBk9Y=
    dependencies:
      "@webassemblyjs/ast" "1.11.1"
      "@webassemblyjs/helper-buffer" "1.11.1"
      "@webassemblyjs/helper-wasm-bytecode" "1.11.1"
      "@webassemblyjs/helper-wasm-section" "1.11.1"
      "@webassemblyjs/wasm-gen" "1.11.1"
      "@webassemblyjs/wasm-opt" "1.11.1"
      "@webassemblyjs/wasm-parser" "1.11.1"
      "@webassemblyjs/wast-printer" "1.11.1"
  
  "@webassemblyjs/wasm-gen@1.11.1":
    version "1.11.1"
    resolved "http://r.npm.sankuai.com/@webassemblyjs/wasm-gen/download/@webassemblyjs/wasm-gen-1.11.1.tgz#86c5ea304849759b7d88c47a32f4f039ae3c8f76"
    integrity sha1-hsXqMEhJdZt9iMR6MvTwOa48j3Y=
    dependencies:
      "@webassemblyjs/ast" "1.11.1"
      "@webassemblyjs/helper-wasm-bytecode" "1.11.1"
      "@webassemblyjs/ieee754" "1.11.1"
      "@webassemblyjs/leb128" "1.11.1"
      "@webassemblyjs/utf8" "1.11.1"
  
  "@webassemblyjs/wasm-opt@1.11.1":
    version "1.11.1"
    resolved "http://r.npm.sankuai.com/@webassemblyjs/wasm-opt/download/@webassemblyjs/wasm-opt-1.11.1.tgz#657b4c2202f4cf3b345f8a4c6461c8c2418985f2"
    integrity sha1-ZXtMIgL0zzs0X4pMZGHIwkGJhfI=
    dependencies:
      "@webassemblyjs/ast" "1.11.1"
      "@webassemblyjs/helper-buffer" "1.11.1"
      "@webassemblyjs/wasm-gen" "1.11.1"
      "@webassemblyjs/wasm-parser" "1.11.1"
  
  "@webassemblyjs/wasm-parser@1.11.1":
    version "1.11.1"
    resolved "http://r.npm.sankuai.com/@webassemblyjs/wasm-parser/download/@webassemblyjs/wasm-parser-1.11.1.tgz#86ca734534f417e9bd3c67c7a1c75d8be41fb199"
    integrity sha1-hspzRTT0F+m9PGfHocddi+QfsZk=
    dependencies:
      "@webassemblyjs/ast" "1.11.1"
      "@webassemblyjs/helper-api-error" "1.11.1"
      "@webassemblyjs/helper-wasm-bytecode" "1.11.1"
      "@webassemblyjs/ieee754" "1.11.1"
      "@webassemblyjs/leb128" "1.11.1"
      "@webassemblyjs/utf8" "1.11.1"
  
  "@webassemblyjs/wast-printer@1.11.1":
    version "1.11.1"
    resolved "http://r.npm.sankuai.com/@webassemblyjs/wast-printer/download/@webassemblyjs/wast-printer-1.11.1.tgz#d0c73beda8eec5426f10ae8ef55cee5e7084c2f0"
    integrity sha1-0Mc77ajuxUJvEK6O9VzuXnCEwvA=
    dependencies:
      "@webassemblyjs/ast" "1.11.1"
      "@xtuc/long" "4.2.2"
  
  "@webpack-cli/configtest@^1.1.1":
    version "1.1.1"
    resolved "http://r.npm.sankuai.com/@webpack-cli/configtest/download/@webpack-cli/configtest-1.1.1.tgz#9f53b1b7946a6efc2a749095a4f450e2932e8356"
    integrity sha1-n1Oxt5RqbvwqdJCVpPRQ4pMug1Y=
  
  "@webpack-cli/info@^1.4.1":
    version "1.4.1"
    resolved "http://r.npm.sankuai.com/@webpack-cli/info/download/@webpack-cli/info-1.4.1.tgz#2360ea1710cbbb97ff156a3f0f24556e0fc1ebea"
    integrity sha1-I2DqFxDLu5f/FWo/DyRVbg/B6+o=
    dependencies:
      envinfo "^7.7.3"
  
  "@webpack-cli/serve@^1.6.1":
    version "1.6.1"
    resolved "http://r.npm.sankuai.com/@webpack-cli/serve/download/@webpack-cli/serve-1.6.1.tgz#0de2875ac31b46b6c5bb1ae0a7d7f0ba5678dffe"
    integrity sha1-DeKHWsMbRrbFuxrgp9fwulZ43/4=
  
  "@xtuc/ieee754@^1.2.0":
    version "1.2.0"
    resolved "http://r.npm.sankuai.com/@xtuc/ieee754/download/@xtuc/ieee754-1.2.0.tgz#eef014a3145ae477a1cbc00cd1e552336dceb790"
    integrity sha1-7vAUoxRa5Hehy8AM0eVSM23Ot5A=
  
  "@xtuc/long@4.2.2":
    version "4.2.2"
    resolved "http://r.npm.sankuai.com/@xtuc/long/download/@xtuc/long-4.2.2.tgz#d291c6a4e97989b5c61d9acf396ae4fe133a718d"
    integrity sha1-0pHGpOl5ibXGHZrPOWrk/hM6cY0=
  
  acorn-import-assertions@^1.7.6:
    version "1.8.0"
    resolved "http://r.npm.sankuai.com/acorn-import-assertions/download/acorn-import-assertions-1.8.0.tgz#ba2b5939ce62c238db6d93d81c9b111b29b855e9"
    integrity sha1-uitZOc5iwjjbbZPYHJsRGym4Vek=
  
  acorn-jsx@^5.3.2:
    version "5.3.2"
    resolved "http://r.npm.sankuai.com/acorn-jsx/download/acorn-jsx-5.3.2.tgz#7ed5bb55908b3b2f1bc55c6af1653bada7f07937"
    integrity sha1-ftW7VZCLOy8bxVxq8WU7rafweTc=
  
  acorn@^8.4.1, acorn@^8.5.0, acorn@^8.7.1:
    version "8.7.1"
    resolved "http://r.npm.sankuai.com/acorn/download/acorn-8.7.1.tgz#0197122c843d1bf6d0a5e83220a788f278f63c30"
    integrity sha1-AZcSLIQ9G/bQpegyIKeI8nj2PDA=
  
  ajv-keywords@^3.5.2:
    version "3.5.2"
    resolved "http://r.npm.sankuai.com/ajv-keywords/download/ajv-keywords-3.5.2.tgz#31f29da5ab6e00d1c2d329acf7b5929614d5014d"
    integrity sha1-MfKdpatuANHC0yms97WSlhTVAU0=
  
  ajv@^6.10.0, ajv@^6.12.4, ajv@^6.12.5:
    version "6.12.6"
    resolved "http://r.npm.sankuai.com/ajv/download/ajv-6.12.6.tgz#baf5a62e802b07d977034586f8c3baf5adf26df4"
    integrity sha1-uvWmLoArB9l3A0WG+MO69a3ybfQ=
    dependencies:
      fast-deep-equal "^3.1.1"
      fast-json-stable-stringify "^2.0.0"
      json-schema-traverse "^0.4.1"
      uri-js "^4.2.2"
  
  ansi-regex@^5.0.1:
    version "5.0.1"
    resolved "http://r.npm.sankuai.com/ansi-regex/download/ansi-regex-5.0.1.tgz#082cb2c89c9fe8659a311a53bd6a4dc5301db304"
    integrity sha1-CCyyyJyf6GWaMRpTvWpNxTAdswQ=
  
  ansi-styles@^4.1.0:
    version "4.3.0"
    resolved "http://r.npm.sankuai.com/ansi-styles/download/ansi-styles-4.3.0.tgz#edd803628ae71c04c85ae7a0906edad34b648937"
    integrity sha1-7dgDYornHATIWuegkG7a00tkiTc=
    dependencies:
      color-convert "^2.0.1"
  
  argparse@^2.0.1:
    version "2.0.1"
    resolved "http://r.npm.sankuai.com/argparse/download/argparse-2.0.1.tgz#246f50f3ca78a3240f6c997e8a9bd1eac49e4b38"
    integrity sha1-JG9Q88p4oyQPbJl+ipvR6sSeSzg=
  
  balanced-match@^1.0.0:
    version "1.0.2"
    resolved "http://r.npm.sankuai.com/balanced-match/download/balanced-match-1.0.2.tgz#e83e3a7e3f300b34cb9d87f615fa0cbf357690ee"
    integrity sha1-6D46fj8wCzTLnYf2FfoMvzV2kO4=
  
  boolbase@^1.0.0:
    version "1.0.0"
    resolved "http://r.npm.sankuai.com/boolbase/download/boolbase-1.0.0.tgz#68dff5fbe60c51eb37725ea9e3ed310dcc1e776e"
    integrity sha1-aN/1++YMUes3cl6p4+0xDcwed24=
  
  brace-expansion@^1.1.7:
    version "1.1.11"
    resolved "http://r.npm.sankuai.com/brace-expansion/download/brace-expansion-1.1.11.tgz#3c7fcbf529d87226f3d2f52b966ff5271eb441dd"
    integrity sha1-PH/L9SnYcibz0vUrlm/1Jx60Qd0=
    dependencies:
      balanced-match "^1.0.0"
      concat-map "0.0.1"
  
  browserslist@^4.14.5:
    version "4.20.3"
    resolved "http://r.npm.sankuai.com/browserslist/download/browserslist-4.20.3.tgz#eb7572f49ec430e054f56d52ff0ebe9be915f8bf"
    integrity sha1-63Vy9J7EMOBU9W1S/w6+m+kV+L8=
    dependencies:
      caniuse-lite "^1.0.30001332"
      electron-to-chromium "^1.4.118"
      escalade "^3.1.1"
      node-releases "^2.0.3"
      picocolors "^1.0.0"
  
  buffer-from@^1.0.0:
    version "1.1.2"
    resolved "http://r.npm.sankuai.com/buffer-from/download/buffer-from-1.1.2.tgz#2b146a6fd72e80b4f55d255f35ed59a3a9a41bd5"
    integrity sha1-KxRqb9cugLT1XSVfNe1Zo6mkG9U=
  
  callsites@^3.0.0:
    version "3.1.0"
    resolved "http://r.npm.sankuai.com/callsites/download/callsites-3.1.0.tgz#b3630abd8943432f54b3f0519238e33cd7df2f73"
    integrity sha1-s2MKvYlDQy9Us/BRkjjjPNffL3M=
  
  camel-case@^4.1.2:
    version "4.1.2"
    resolved "http://r.npm.sankuai.com/camel-case/download/camel-case-4.1.2.tgz#9728072a954f805228225a6deea6b38461e1bd5a"
    integrity sha1-lygHKpVPgFIoIlpt7qazhGHhvVo=
    dependencies:
      pascal-case "^3.1.2"
      tslib "^2.0.3"
  
  caniuse-lite@^1.0.30001332:
    version "1.0.30001336"
    resolved "http://r.npm.sankuai.com/caniuse-lite/download/caniuse-lite-1.0.30001336.tgz#a9eb13edd2613f418ebc632c8d6c9ab9fde7ccc4"
    integrity sha1-qesT7dJhP0GOvGMsjWyauf3nzMQ=
  
  chalk@^4.0.0:
    version "4.1.2"
    resolved "http://r.npm.sankuai.com/chalk/download/chalk-4.1.2.tgz#aac4e2b7734a740867aeb16bf02aad556a1e7a01"
    integrity sha1-qsTit3NKdAhnrrFr8CqtVWoeegE=
    dependencies:
      ansi-styles "^4.1.0"
      supports-color "^7.1.0"
  
  chrome-trace-event@^1.0.2:
    version "1.0.3"
    resolved "http://r.npm.sankuai.com/chrome-trace-event/download/chrome-trace-event-1.0.3.tgz#1015eced4741e15d06664a957dbbf50d041e26ac"
    integrity sha1-EBXs7UdB4V0GZkqVfbv1DQQeJqw=
  
  clean-css@^5.2.2:
    version "5.3.0"
    resolved "http://r.npm.sankuai.com/clean-css/download/clean-css-5.3.0.tgz#ad3d8238d5f3549e83d5f87205189494bc7cbb59"
    integrity sha1-rT2CONXzVJ6D1fhyBRiUlLx8u1k=
    dependencies:
      source-map "~0.6.0"
  
  clone-deep@^4.0.1:
    version "4.0.1"
    resolved "http://r.npm.sankuai.com/clone-deep/download/clone-deep-4.0.1.tgz#c19fd9bdbbf85942b4fd979c84dcf7d5f07c2387"
    integrity sha1-wZ/Zvbv4WUK0/ZechNz31fB8I4c=
    dependencies:
      is-plain-object "^2.0.4"
      kind-of "^6.0.2"
      shallow-clone "^3.0.0"
  
  color-convert@^2.0.1:
    version "2.0.1"
    resolved "http://r.npm.sankuai.com/color-convert/download/color-convert-2.0.1.tgz#72d3a68d598c9bdb3af2ad1e84f21d896abd4de3"
    integrity sha1-ctOmjVmMm9s68q0ehPIdiWq9TeM=
    dependencies:
      color-name "~1.1.4"
  
  color-name@~1.1.4:
    version "1.1.4"
    resolved "http://r.npm.sankuai.com/color-name/download/color-name-1.1.4.tgz#c2a09a87acbde69543de6f63fa3995c826c536a2"
    integrity sha1-wqCah6y95pVD3m9j+jmVyCbFNqI=
  
  colorette@^2.0.14:
    version "2.0.16"
    resolved "http://r.npm.sankuai.com/colorette/download/colorette-2.0.16.tgz#713b9af84fdb000139f04546bd4a93f62a5085da"
    integrity sha1-cTua+E/bAAE58EVGvUqT9ipQhdo=
  
  commander@^2.20.0:
    version "2.20.3"
    resolved "http://r.npm.sankuai.com/commander/download/commander-2.20.3.tgz#fd485e84c03eb4881c20722ba48035e8531aeb33"
    integrity sha1-/UhehMA+tIgcIHIrpIA16FMa6zM=
  
  commander@^7.0.0:
    version "7.2.0"
    resolved "http://r.npm.sankuai.com/commander/download/commander-7.2.0.tgz#a36cb57d0b501ce108e4d20559a150a391d97ab7"
    integrity sha1-o2y1fQtQHOEI5NIFWaFQo5HZerc=
  
  commander@^8.3.0:
    version "8.3.0"
    resolved "http://r.npm.sankuai.com/commander/download/commander-8.3.0.tgz#4837ea1b2da67b9c616a67afbb0fafee567bca66"
    integrity sha1-SDfqGy2me5xhamevuw+v7lZ7ymY=
  
  concat-map@0.0.1:
    version "0.0.1"
    resolved "http://r.npm.sankuai.com/concat-map/download/concat-map-0.0.1.tgz#d8a96bd77fd68df7793a73036a3ba0d5405d477b"
    integrity sha1-2Klr13/Wjfd5OnMDajug1UBdR3s=
  
  cross-env@^7.0.3:
    version "7.0.3"
    resolved "http://r.npm.sankuai.com/cross-env/download/cross-env-7.0.3.tgz#865264b29677dc015ba8418918965dd232fc54cf"
    integrity sha1-hlJkspZ33AFbqEGJGJZd0jL8VM8=
    dependencies:
      cross-spawn "^7.0.1"
  
  cross-spawn@^7.0.1, cross-spawn@^7.0.2, cross-spawn@^7.0.3:
    version "7.0.3"
    resolved "http://r.npm.sankuai.com/cross-spawn/download/cross-spawn-7.0.3.tgz#f73a85b9d5d41d045551c177e2882d4ac85728a6"
    integrity sha1-9zqFudXUHQRVUcF34ogtSshXKKY=
    dependencies:
      path-key "^3.1.0"
      shebang-command "^2.0.0"
      which "^2.0.1"
  
  css-select@^4.1.3:
    version "4.3.0"
    resolved "http://r.npm.sankuai.com/css-select/download/css-select-4.3.0.tgz#db7129b2846662fd8628cfc496abb2b59e41529b"
    integrity sha1-23EpsoRmYv2GKM/ElquytZ5BUps=
    dependencies:
      boolbase "^1.0.0"
      css-what "^6.0.1"
      domhandler "^4.3.1"
      domutils "^2.8.0"
      nth-check "^2.0.1"
  
  css-what@^6.0.1:
    version "6.1.0"
    resolved "http://r.npm.sankuai.com/css-what/download/css-what-6.1.0.tgz#fb5effcf76f1ddea2c81bdfaa4de44e79bac70f4"
    integrity sha1-+17/z3bx3eosgb36pN5E55uscPQ=
  
  debug@^4.1.1, debug@^4.3.2:
    version "4.3.4"
    resolved "http://r.npm.sankuai.com/debug/download/debug-4.3.4.tgz#1319f6579357f2338d3337d2cdd4914bb5dcc865"
    integrity sha1-Exn2V5NX8jONMzfSzdSRS7XcyGU=
    dependencies:
      ms "2.1.2"
  
  deep-is@^0.1.3:
    version "0.1.4"
    resolved "http://r.npm.sankuai.com/deep-is/download/deep-is-0.1.4.tgz#a6f2dce612fadd2ef1f519b73551f17e85199831"
    integrity sha1-pvLc5hL63S7x9Rm3NVHxfoUZmDE=
  
  doctrine@^3.0.0:
    version "3.0.0"
    resolved "http://r.npm.sankuai.com/doctrine/download/doctrine-3.0.0.tgz#addebead72a6574db783639dc87a121773973961"
    integrity sha1-rd6+rXKmV023g2OdyHoSF3OXOWE=
    dependencies:
      esutils "^2.0.2"
  
  dom-converter@^0.2.0:
    version "0.2.0"
    resolved "http://r.npm.sankuai.com/dom-converter/download/dom-converter-0.2.0.tgz#6721a9daee2e293682955b6afe416771627bb768"
    integrity sha1-ZyGp2u4uKTaClVtq/kFncWJ7t2g=
    dependencies:
      utila "~0.4"
  
  dom-serializer@^1.0.1:
    version "1.4.1"
    resolved "http://r.npm.sankuai.com/dom-serializer/download/dom-serializer-1.4.1.tgz#de5d41b1aea290215dc45a6dae8adcf1d32e2d30"
    integrity sha1-3l1Bsa6ikCFdxFptrorc8dMuLTA=
    dependencies:
      domelementtype "^2.0.1"
      domhandler "^4.2.0"
      entities "^2.0.0"
  
  domelementtype@^2.0.1, domelementtype@^2.2.0:
    version "2.3.0"
    resolved "http://r.npm.sankuai.com/domelementtype/download/domelementtype-2.3.0.tgz#5c45e8e869952626331d7aab326d01daf65d589d"
    integrity sha1-XEXo6GmVJiYzHXqrMm0B2vZdWJ0=
  
  domhandler@^4.0.0, domhandler@^4.2.0, domhandler@^4.3.1:
    version "4.3.1"
    resolved "http://r.npm.sankuai.com/domhandler/download/domhandler-4.3.1.tgz#8d792033416f59d68bc03a5aa7b018c1ca89279c"
    integrity sha1-jXkgM0FvWdaLwDpap7AYwcqJJ5w=
    dependencies:
      domelementtype "^2.2.0"
  
  domutils@^2.5.2, domutils@^2.8.0:
    version "2.8.0"
    resolved "http://r.npm.sankuai.com/domutils/download/domutils-2.8.0.tgz#4437def5db6e2d1f5d6ee859bd95ca7d02048135"
    integrity sha1-RDfe9dtuLR9dbuhZvZXKfQIEgTU=
    dependencies:
      dom-serializer "^1.0.1"
      domelementtype "^2.2.0"
      domhandler "^4.2.0"
  
  dot-case@^3.0.4:
    version "3.0.4"
    resolved "http://r.npm.sankuai.com/dot-case/download/dot-case-3.0.4.tgz#9b2b670d00a431667a8a75ba29cd1b98809ce751"
    integrity sha1-mytnDQCkMWZ6inW6Kc0bmICc51E=
    dependencies:
      no-case "^3.0.4"
      tslib "^2.0.3"
  
  electron-to-chromium@^1.4.118:
    version "1.4.129"
    resolved "http://r.npm.sankuai.com/electron-to-chromium/download/electron-to-chromium-1.4.129.tgz#c675793885721beefff99da50f57c6525c2cd238"
    integrity sha1-xnV5OIVyG+7/+Z2lD1fGUlws0jg=
  
  enhanced-resolve@^5.9.3:
    version "5.9.3"
    resolved "http://r.npm.sankuai.com/enhanced-resolve/download/enhanced-resolve-5.9.3.tgz#44a342c012cbc473254af5cc6ae20ebd0aae5d88"
    integrity sha1-RKNCwBLLxHMlSvXMauIOvQquXYg=
    dependencies:
      graceful-fs "^4.2.4"
      tapable "^2.2.0"
  
  entities@^2.0.0:
    version "2.2.0"
    resolved "http://r.npm.sankuai.com/entities/download/entities-2.2.0.tgz#098dc90ebb83d8dffa089d55256b351d34c4da55"
    integrity sha1-CY3JDruD2N/6CJ1VJWs1HTTE2lU=
  
  envinfo@^7.7.3:
    version "7.8.1"
    resolved "http://r.npm.sankuai.com/envinfo/download/envinfo-7.8.1.tgz#06377e3e5f4d379fea7ac592d5ad8927e0c4d475"
    integrity sha1-Bjd+Pl9NN5/qesWS1a2JJ+DE1HU=
  
  es-module-lexer@^0.9.0:
    version "0.9.3"
    resolved "http://r.npm.sankuai.com/es-module-lexer/download/es-module-lexer-0.9.3.tgz#6f13db00cc38417137daf74366f535c8eb438f19"
    integrity sha1-bxPbAMw4QXE32vdDZvU1yOtDjxk=
  
  escalade@^3.1.1:
    version "3.1.1"
    resolved "http://r.npm.sankuai.com/escalade/download/escalade-3.1.1.tgz#d8cfdc7000965c5a0174b4a82eaa5c0552742e40"
    integrity sha1-2M/ccACWXFoBdLSoLqpcBVJ0LkA=
  
  escape-string-regexp@^4.0.0:
    version "4.0.0"
    resolved "http://r.npm.sankuai.com/escape-string-regexp/download/escape-string-regexp-4.0.0.tgz#14ba83a5d373e3d311e5afca29cf5bfad965bf34"
    integrity sha1-FLqDpdNz49MR5a/KKc9b+tllvzQ=
  
  eslint-config-prettier@^8.5.0:
    version "8.5.0"
    resolved "http://r.npm.sankuai.com/eslint-config-prettier/download/eslint-config-prettier-8.5.0.tgz#5a81680ec934beca02c7b1a61cf8ca34b66feab1"
    integrity sha1-WoFoDsk0vsoCx7GmHPjKNLZv6rE=
  
  eslint-plugin-prettier@^4.0.0:
    version "4.0.0"
    resolved "http://r.npm.sankuai.com/eslint-plugin-prettier/download/eslint-plugin-prettier-4.0.0.tgz#8b99d1e4b8b24a762472b4567992023619cb98e0"
    integrity sha1-i5nR5LiySnYkcrRWeZICNhnLmOA=
    dependencies:
      prettier-linter-helpers "^1.0.0"
  
  eslint-scope@5.1.1:
    version "5.1.1"
    resolved "http://r.npm.sankuai.com/eslint-scope/download/eslint-scope-5.1.1.tgz#e786e59a66cb92b3f6c1fb0d508aab174848f48c"
    integrity sha1-54blmmbLkrP2wfsNUIqrF0hI9Iw=
    dependencies:
      esrecurse "^4.3.0"
      estraverse "^4.1.1"
  
  eslint-scope@^7.1.1:
    version "7.1.1"
    resolved "http://r.npm.sankuai.com/eslint-scope/download/eslint-scope-7.1.1.tgz#fff34894c2f65e5226d3041ac480b4513a163642"
    integrity sha1-//NIlML2XlIm0wQaxIC0UToWNkI=
    dependencies:
      esrecurse "^4.3.0"
      estraverse "^5.2.0"
  
  eslint-staged@^1.0.1:
    version "1.0.1"
    resolved "http://r.npm.sankuai.com/eslint-staged/download/eslint-staged-1.0.1.tgz#f3b76a8ffc541c174e2be1af29d31fefbe544334"
    integrity sha1-87dqj/xUHBdOK+GvKdMf775UQzQ=
  
  eslint-utils@^3.0.0:
    version "3.0.0"
    resolved "http://r.npm.sankuai.com/eslint-utils/download/eslint-utils-3.0.0.tgz#8aebaface7345bb33559db0a1f13a1d2d48c3672"
    integrity sha1-iuuvrOc0W7M1WdsKHxOh0tSMNnI=
    dependencies:
      eslint-visitor-keys "^2.0.0"
  
  eslint-visitor-keys@^2.0.0:
    version "2.1.0"
    resolved "http://r.npm.sankuai.com/eslint-visitor-keys/download/eslint-visitor-keys-2.1.0.tgz#f65328259305927392c938ed44eb0a5c9b2bd303"
    integrity sha1-9lMoJZMFknOSyTjtROsKXJsr0wM=
  
  eslint-visitor-keys@^3.3.0:
    version "3.3.0"
    resolved "http://r.npm.sankuai.com/eslint-visitor-keys/download/eslint-visitor-keys-3.3.0.tgz#f6480fa6b1f30efe2d1968aa8ac745b862469826"
    integrity sha1-9kgPprHzDv4tGWiqisdFuGJGmCY=
  
  eslint@^8.15.0:
    version "8.15.0"
    resolved "http://r.npm.sankuai.com/eslint/download/eslint-8.15.0.tgz#fea1d55a7062da48d82600d2e0974c55612a11e9"
    integrity sha1-/qHVWnBi2kjYJgDS4JdMVWEqEek=
    dependencies:
      "@eslint/eslintrc" "^1.2.3"
      "@humanwhocodes/config-array" "^0.9.2"
      ajv "^6.10.0"
      chalk "^4.0.0"
      cross-spawn "^7.0.2"
      debug "^4.3.2"
      doctrine "^3.0.0"
      escape-string-regexp "^4.0.0"
      eslint-scope "^7.1.1"
      eslint-utils "^3.0.0"
      eslint-visitor-keys "^3.3.0"
      espree "^9.3.2"
      esquery "^1.4.0"
      esutils "^2.0.2"
      fast-deep-equal "^3.1.3"
      file-entry-cache "^6.0.1"
      functional-red-black-tree "^1.0.1"
      glob-parent "^6.0.1"
      globals "^13.6.0"
      ignore "^5.2.0"
      import-fresh "^3.0.0"
      imurmurhash "^0.1.4"
      is-glob "^4.0.0"
      js-yaml "^4.1.0"
      json-stable-stringify-without-jsonify "^1.0.1"
      levn "^0.4.1"
      lodash.merge "^4.6.2"
      minimatch "^3.1.2"
      natural-compare "^1.4.0"
      optionator "^0.9.1"
      regexpp "^3.2.0"
      strip-ansi "^6.0.1"
      strip-json-comments "^3.1.0"
      text-table "^0.2.0"
      v8-compile-cache "^2.0.3"
  
  espree@^9.3.2:
    version "9.3.2"
    resolved "http://r.npm.sankuai.com/espree/download/espree-9.3.2.tgz#f58f77bd334731182801ced3380a8cc859091596"
    integrity sha1-9Y93vTNHMRgoAc7TOAqMyFkJFZY=
    dependencies:
      acorn "^8.7.1"
      acorn-jsx "^5.3.2"
      eslint-visitor-keys "^3.3.0"
  
  esquery@^1.4.0:
    version "1.4.0"
    resolved "http://r.npm.sankuai.com/esquery/download/esquery-1.4.0.tgz#2148ffc38b82e8c7057dfed48425b3e61f0f24a5"
    integrity sha1-IUj/w4uC6McFff7UhCWz5h8PJKU=
    dependencies:
      estraverse "^5.1.0"
  
  esrecurse@^4.3.0:
    version "4.3.0"
    resolved "http://r.npm.sankuai.com/esrecurse/download/esrecurse-4.3.0.tgz#7ad7964d679abb28bee72cec63758b1c5d2c9921"
    integrity sha1-eteWTWeauyi+5yzsY3WLHF0smSE=
    dependencies:
      estraverse "^5.2.0"
  
  estraverse@^4.1.1:
    version "4.3.0"
    resolved "http://r.npm.sankuai.com/estraverse/download/estraverse-4.3.0.tgz#398ad3f3c5a24948be7725e83d11a7de28cdbd1d"
    integrity sha1-OYrT88WiSUi+dyXoPRGn3ijNvR0=
  
  estraverse@^5.1.0, estraverse@^5.2.0:
    version "5.3.0"
    resolved "http://r.npm.sankuai.com/estraverse/download/estraverse-5.3.0.tgz#2eea5290702f26ab8fe5370370ff86c965d21123"
    integrity sha1-LupSkHAvJquP5TcDcP+GyWXSESM=
  
  esutils@^2.0.2:
    version "2.0.3"
    resolved "http://r.npm.sankuai.com/esutils/download/esutils-2.0.3.tgz#74d2eb4de0b8da1293711910d50775b9b710ef64"
    integrity sha1-dNLrTeC42hKTcRkQ1Qd1ubcQ72Q=
  
  events@^3.2.0:
    version "3.3.0"
    resolved "http://r.npm.sankuai.com/events/download/events-3.3.0.tgz#31a95ad0a924e2d2c419a813aeb2c4e878ea7400"
    integrity sha1-Mala0Kkk4tLEGagTrrLE6HjqdAA=
  
  execa@^5.0.0:
    version "5.1.1"
    resolved "http://r.npm.sankuai.com/execa/download/execa-5.1.1.tgz#f80ad9cbf4298f7bd1d4c9555c21e93741c411dd"
    integrity sha1-+ArZy/Qpj3vR1MlVXCHpN0HEEd0=
    dependencies:
      cross-spawn "^7.0.3"
      get-stream "^6.0.0"
      human-signals "^2.1.0"
      is-stream "^2.0.0"
      merge-stream "^2.0.0"
      npm-run-path "^4.0.1"
      onetime "^5.1.2"
      signal-exit "^3.0.3"
      strip-final-newline "^2.0.0"
  
  fast-deep-equal@^3.1.1, fast-deep-equal@^3.1.3:
    version "3.1.3"
    resolved "http://r.npm.sankuai.com/fast-deep-equal/download/fast-deep-equal-3.1.3.tgz#3a7d56b559d6cbc3eb512325244e619a65c6c525"
    integrity sha1-On1WtVnWy8PrUSMlJE5hmmXGxSU=
  
  fast-diff@^1.1.2:
    version "1.2.0"
    resolved "http://r.npm.sankuai.com/fast-diff/download/fast-diff-1.2.0.tgz#73ee11982d86caaf7959828d519cfe927fac5f03"
    integrity sha1-c+4RmC2Gyq95WYKNUZz+kn+sXwM=
  
  fast-json-stable-stringify@^2.0.0:
    version "2.1.0"
    resolved "http://r.npm.sankuai.com/fast-json-stable-stringify/download/fast-json-stable-stringify-2.1.0.tgz#874bf69c6f404c2b5d99c481341399fd55892633"
    integrity sha1-h0v2nG9ATCtdmcSBNBOZ/VWJJjM=
  
  fast-levenshtein@^2.0.6:
    version "2.0.6"
    resolved "http://r.npm.sankuai.com/fast-levenshtein/download/fast-levenshtein-2.0.6.tgz#3d8a5c66883a16a30ca8643e851f19baa7797917"
    integrity sha1-PYpcZog6FqMMqGQ+hR8Zuqd5eRc=
  
  fastest-levenshtein@^1.0.12:
    version "1.0.12"
    resolved "http://r.npm.sankuai.com/fastest-levenshtein/download/fastest-levenshtein-1.0.12.tgz#9990f7d3a88cc5a9ffd1f1745745251700d497e2"
    integrity sha1-mZD306iMxan/0fF0V0UlFwDUl+I=
  
  file-entry-cache@^6.0.1:
    version "6.0.1"
    resolved "http://r.npm.sankuai.com/file-entry-cache/download/file-entry-cache-6.0.1.tgz#211b2dd9659cb0394b073e7323ac3c933d522027"
    integrity sha1-IRst2WWcsDlLBz5zI6w8kz1SICc=
    dependencies:
      flat-cache "^3.0.4"
  
  find-up@^4.0.0:
    version "4.1.0"
    resolved "http://r.npm.sankuai.com/find-up/download/find-up-4.1.0.tgz#97afe7d6cdc0bc5928584b7c8d7b16e8a9aa5d19"
    integrity sha1-l6/n1s3AvFkoWEt8jXsW6KmqXRk=
    dependencies:
      locate-path "^5.0.0"
      path-exists "^4.0.0"
  
  flat-cache@^3.0.4:
    version "3.0.4"
    resolved "http://r.npm.sankuai.com/flat-cache/download/flat-cache-3.0.4.tgz#61b0338302b2fe9f957dcc32fc2a87f1c3048b11"
    integrity sha1-YbAzgwKy/p+Vfcwy/CqH8cMEixE=
    dependencies:
      flatted "^3.1.0"
      rimraf "^3.0.2"
  
  flatted@^3.1.0:
    version "3.2.5"
    resolved "http://r.npm.sankuai.com/flatted/download/flatted-3.2.5.tgz#76c8584f4fc843db64702a6bd04ab7a8bd666da3"
    integrity sha1-dshYT0/IQ9tkcCpr0Eq3qL1mbaM=
  
  fs.realpath@^1.0.0:
    version "1.0.0"
    resolved "http://r.npm.sankuai.com/fs.realpath/download/fs.realpath-1.0.0.tgz#1504ad2523158caa40db4a2787cb01411994ea4f"
    integrity sha1-FQStJSMVjKpA20onh8sBQRmU6k8=
  
  function-bind@^1.1.1:
    version "1.1.1"
    resolved "http://r.npm.sankuai.com/function-bind/download/function-bind-1.1.1.tgz#a56899d3ea3c9bab874bb9773b7c5ede92f4895d"
    integrity sha1-pWiZ0+o8m6uHS7l3O3xe3pL0iV0=
  
  functional-red-black-tree@^1.0.1:
    version "1.0.1"
    resolved "http://r.npm.sankuai.com/functional-red-black-tree/download/functional-red-black-tree-1.0.1.tgz#1b0ab3bd553b2a0d6399d29c0e3ea0b252078327"
    integrity sha1-GwqzvVU7Kg1jmdKcDj6gslIHgyc=
  
  get-stream@^6.0.0:
    version "6.0.1"
    resolved "http://r.npm.sankuai.com/get-stream/download/get-stream-6.0.1.tgz#a262d8eef67aced57c2852ad6167526a43cbf7b7"
    integrity sha1-omLY7vZ6ztV8KFKtYWdSakPL97c=
  
  glob-parent@^6.0.1:
    version "6.0.2"
    resolved "http://r.npm.sankuai.com/glob-parent/download/glob-parent-6.0.2.tgz#6d237d99083950c79290f24c7642a3de9a28f9e3"
    integrity sha1-bSN9mQg5UMeSkPJMdkKj3poo+eM=
    dependencies:
      is-glob "^4.0.3"
  
  glob-to-regexp@^0.4.1:
    version "0.4.1"
    resolved "http://r.npm.sankuai.com/glob-to-regexp/download/glob-to-regexp-0.4.1.tgz#c75297087c851b9a578bd217dd59a92f59fe546e"
    integrity sha1-x1KXCHyFG5pXi9IX3VmpL1n+VG4=
  
  glob@^7.1.3:
    version "7.2.3"
    resolved "http://r.npm.sankuai.com/glob/download/glob-7.2.3.tgz#b8df0fb802bbfa8e89bd1d938b4e16578ed44f2b"
    integrity sha1-uN8PuAK7+o6JvR2Ti04WV47UTys=
    dependencies:
      fs.realpath "^1.0.0"
      inflight "^1.0.4"
      inherits "2"
      minimatch "^3.1.1"
      once "^1.3.0"
      path-is-absolute "^1.0.0"
  
  globals@^13.6.0, globals@^13.9.0:
    version "13.15.0"
    resolved "http://r.npm.sankuai.com/globals/download/globals-13.15.0.tgz#38113218c907d2f7e98658af246cef8b77e90bac"
    integrity sha1-OBEyGMkH0vfphlivJGzvi3fpC6w=
    dependencies:
      type-fest "^0.20.2"
  
  graceful-fs@^4.1.2, graceful-fs@^4.2.4, graceful-fs@^4.2.9:
    version "4.2.10"
    resolved "http://r.npm.sankuai.com/graceful-fs/download/graceful-fs-4.2.10.tgz#147d3a006da4ca3ce14728c7aefc287c367d7a6c"
    integrity sha1-FH06AG2kyjzhRyjHrvwofDZ9emw=
  
  has-flag@^4.0.0:
    version "4.0.0"
    resolved "http://r.npm.sankuai.com/has-flag/download/has-flag-4.0.0.tgz#944771fd9c81c81265c4d6941860da06bb59479b"
    integrity sha1-lEdx/ZyByBJlxNaUGGDaBrtZR5s=
  
  has@^1.0.3:
    version "1.0.3"
    resolved "http://r.npm.sankuai.com/has/download/has-1.0.3.tgz#722d7cbfc1f6aa8241f16dd814e011e1f41e8796"
    integrity sha1-ci18v8H2qoJB8W3YFOAR4fQeh5Y=
    dependencies:
      function-bind "^1.1.1"
  
  he@^1.2.0:
    version "1.2.0"
    resolved "http://r.npm.sankuai.com/he/download/he-1.2.0.tgz#84ae65fa7eafb165fddb61566ae14baf05664f0f"
    integrity sha1-hK5l+n6vsWX922FWauFLrwVmTw8=
  
  history@^5.2.0:
    version "5.3.0"
    resolved "http://r.npm.sankuai.com/history/download/history-5.3.0.tgz#1548abaa245ba47992f063a0783db91ef201c73b"
    integrity sha1-FUirqiRbpHmS8GOgeD25HvIBxzs=
    dependencies:
      "@babel/runtime" "^7.7.6"
  
  html-minifier-terser@^6.0.2:
    version "6.1.0"
    resolved "http://r.npm.sankuai.com/html-minifier-terser/download/html-minifier-terser-6.1.0.tgz#bfc818934cc07918f6b3669f5774ecdfd48f32ab"
    integrity sha1-v8gYk0zAeRj2s2afV3Ts39SPMqs=
    dependencies:
      camel-case "^4.1.2"
      clean-css "^5.2.2"
      commander "^8.3.0"
      he "^1.2.0"
      param-case "^3.0.4"
      relateurl "^0.2.7"
      terser "^5.10.0"
  
  html-webpack-plugin@^5.5.0:
    version "5.5.0"
    resolved "http://r.npm.sankuai.com/html-webpack-plugin/download/html-webpack-plugin-5.5.0.tgz#c3911936f57681c1f9f4d8b68c158cd9dfe52f50"
    integrity sha1-w5EZNvV2gcH59Ni2jBWM2d/lL1A=
    dependencies:
      "@types/html-minifier-terser" "^6.0.0"
      html-minifier-terser "^6.0.2"
      lodash "^4.17.21"
      pretty-error "^4.0.0"
      tapable "^2.0.0"
  
  htmlparser2@^6.1.0:
    version "6.1.0"
    resolved "http://r.npm.sankuai.com/htmlparser2/download/htmlparser2-6.1.0.tgz#c4d762b6c3371a05dbe65e94ae43a9f845fb8fb7"
    integrity sha1-xNditsM3GgXb5l6UrkOp+EX7j7c=
    dependencies:
      domelementtype "^2.0.1"
      domhandler "^4.0.0"
      domutils "^2.5.2"
      entities "^2.0.0"
  
  human-signals@^2.1.0:
    version "2.1.0"
    resolved "http://r.npm.sankuai.com/human-signals/download/human-signals-2.1.0.tgz#dc91fcba42e4d06e4abaed33b3e7a3c02f514ea0"
    integrity sha1-3JH8ukLk0G5Kuu0zs+ejwC9RTqA=
  
  husky@^8.0.1:
    version "8.0.1"
    resolved "http://r.npm.sankuai.com/husky/download/husky-8.0.1.tgz#511cb3e57de3e3190514ae49ed50f6bc3f50b3e9"
    integrity sha1-URyz5X3j4xkFFK5J7VD2vD9Qs+k=
  
  ignore@^5.2.0:
    version "5.2.0"
    resolved "http://r.npm.sankuai.com/ignore/download/ignore-5.2.0.tgz#6d3bac8fa7fe0d45d9f9be7bac2fc279577e345a"
    integrity sha1-bTusj6f+DUXZ+b57rC/CeVd+NFo=
  
  import-fresh@^3.0.0, import-fresh@^3.2.1:
    version "3.3.0"
    resolved "http://r.npm.sankuai.com/import-fresh/download/import-fresh-3.3.0.tgz#37162c25fcb9ebaa2e6e53d5b4d88ce17d9e0c2b"
    integrity sha1-NxYsJfy566oublPVtNiM4X2eDCs=
    dependencies:
      parent-module "^1.0.0"
      resolve-from "^4.0.0"
  
  import-local@^3.0.2:
    version "3.1.0"
    resolved "http://r.npm.sankuai.com/import-local/download/import-local-3.1.0.tgz#b4479df8a5fd44f6cdce24070675676063c95cb4"
    integrity sha1-tEed+KX9RPbNziQHBnVnYGPJXLQ=
    dependencies:
      pkg-dir "^4.2.0"
      resolve-cwd "^3.0.0"
  
  imurmurhash@^0.1.4:
    version "0.1.4"
    resolved "http://r.npm.sankuai.com/imurmurhash/download/imurmurhash-0.1.4.tgz#9218b9b2b928a238b13dc4fb6b6d576f231453ea"
    integrity sha1-khi5srkoojixPcT7a21XbyMUU+o=
  
  inflight@^1.0.4:
    version "1.0.6"
    resolved "http://r.npm.sankuai.com/inflight/download/inflight-1.0.6.tgz#49bd6331d7d02d0c09bc910a1075ba8165b56df9"
    integrity sha1-Sb1jMdfQLQwJvJEKEHW6gWW1bfk=
    dependencies:
      once "^1.3.0"
      wrappy "1"
  
  inherits@2:
    version "2.0.4"
    resolved "http://r.npm.sankuai.com/inherits/download/inherits-2.0.4.tgz#0fa2c64f932917c3433a0ded55363aae37416b7c"
    integrity sha1-D6LGT5MpF8NDOg3tVTY6rjdBa3w=
  
  interpret@^2.2.0:
    version "2.2.0"
    resolved "http://r.npm.sankuai.com/interpret/download/interpret-2.2.0.tgz#1a78a0b5965c40a5416d007ad6f50ad27c417df9"
    integrity sha1-GnigtZZcQKVBbQB61vUK0nxBffk=
  
  is-core-module@^2.8.1:
    version "2.9.0"
    resolved "http://r.npm.sankuai.com/is-core-module/download/is-core-module-2.9.0.tgz#e1c34429cd51c6dd9e09e0799e396e27b19a9c69"
    integrity sha1-4cNEKc1Rxt2eCeB5njluJ7GanGk=
    dependencies:
      has "^1.0.3"
  
  is-extglob@^2.1.1:
    version "2.1.1"
    resolved "http://r.npm.sankuai.com/is-extglob/download/is-extglob-2.1.1.tgz#a88c02535791f02ed37c76a1b9ea9773c833f8c2"
    integrity sha1-qIwCU1eR8C7TfHahueqXc8gz+MI=
  
  is-glob@^4.0.0, is-glob@^4.0.3:
    version "4.0.3"
    resolved "http://r.npm.sankuai.com/is-glob/download/is-glob-4.0.3.tgz#64f61e42cbbb2eec2071a9dac0b28ba1e65d5084"
    integrity sha1-ZPYeQsu7LuwgcanawLKLoeZdUIQ=
    dependencies:
      is-extglob "^2.1.1"
  
  is-plain-object@^2.0.4:
    version "2.0.4"
    resolved "http://r.npm.sankuai.com/is-plain-object/download/is-plain-object-2.0.4.tgz#2c163b3fafb1b606d9d17928f05c2a1c38e07677"
    integrity sha1-LBY7P6+xtgbZ0Xko8FwqHDjgdnc=
    dependencies:
      isobject "^3.0.1"
  
  is-stream@^2.0.0:
    version "2.0.1"
    resolved "http://r.npm.sankuai.com/is-stream/download/is-stream-2.0.1.tgz#fac1e3d53b97ad5a9d0ae9cef2389f5810a5c077"
    integrity sha1-+sHj1TuXrVqdCunO8jifWBClwHc=
  
  isexe@^2.0.0:
    version "2.0.0"
    resolved "http://r.npm.sankuai.com/isexe/download/isexe-2.0.0.tgz#e8fbf374dc556ff8947a10dcb0572d633f2cfa10"
    integrity sha1-6PvzdNxVb/iUehDcsFctYz8s+hA=
  
  isobject@^3.0.1:
    version "3.0.1"
    resolved "http://r.npm.sankuai.com/isobject/download/isobject-3.0.1.tgz#4e431e92b11a9731636aa1f9c8d1ccbcfdab78df"
    integrity sha1-TkMekrEalzFjaqH5yNHMvP2reN8=
  
  jest-worker@^27.4.5:
    version "27.5.1"
    resolved "http://r.npm.sankuai.com/jest-worker/download/jest-worker-27.5.1.tgz#8d146f0900e8973b106b6f73cc1e9a8cb86f8db0"
    integrity sha1-jRRvCQDolzsQa29zzB6ajLhvjbA=
    dependencies:
      "@types/node" "*"
      merge-stream "^2.0.0"
      supports-color "^8.0.0"
  
  "js-tokens@^3.0.0 || ^4.0.0":
    version "4.0.0"
    resolved "http://r.npm.sankuai.com/js-tokens/download/js-tokens-4.0.0.tgz#19203fb59991df98e3a287050d4647cdeaf32499"
    integrity sha1-GSA/tZmR35jjoocFDUZHzerzJJk=
  
  js-yaml@^4.1.0:
    version "4.1.0"
    resolved "http://r.npm.sankuai.com/js-yaml/download/js-yaml-4.1.0.tgz#c1fb65f8f5017901cdd2c951864ba18458a10602"
    integrity sha1-wftl+PUBeQHN0slRhkuhhFihBgI=
    dependencies:
      argparse "^2.0.1"
  
  json-parse-even-better-errors@^2.3.1:
    version "2.3.1"
    resolved "http://r.npm.sankuai.com/json-parse-even-better-errors/download/json-parse-even-better-errors-2.3.1.tgz#7c47805a94319928e05777405dc12e1f7a4ee02d"
    integrity sha1-fEeAWpQxmSjgV3dAXcEuH3pO4C0=
  
  json-schema-traverse@^0.4.1:
    version "0.4.1"
    resolved "http://r.npm.sankuai.com/json-schema-traverse/download/json-schema-traverse-0.4.1.tgz#69f6a87d9513ab8bb8fe63bdb0979c448e684660"
    integrity sha1-afaofZUTq4u4/mO9sJecRI5oRmA=
  
  json-stable-stringify-without-jsonify@^1.0.1:
    version "1.0.1"
    resolved "http://r.npm.sankuai.com/json-stable-stringify-without-jsonify/download/json-stable-stringify-without-jsonify-1.0.1.tgz#9db7b59496ad3f3cfef30a75142d2d930ad72651"
    integrity sha1-nbe1lJatPzz+8wp1FC0tkwrXJlE=
  
  kind-of@^6.0.2:
    version "6.0.3"
    resolved "http://r.npm.sankuai.com/kind-of/download/kind-of-6.0.3.tgz#07c05034a6c349fa06e24fa35aa76db4580ce4dd"
    integrity sha1-B8BQNKbDSfoG4k+jWqdttFgM5N0=
  
  levn@^0.4.1:
    version "0.4.1"
    resolved "http://r.npm.sankuai.com/levn/download/levn-0.4.1.tgz#ae4562c007473b932a6200d403268dd2fffc6ade"
    integrity sha1-rkViwAdHO5MqYgDUAyaN0v/8at4=
    dependencies:
      prelude-ls "^1.2.1"
      type-check "~0.4.0"
  
  loader-runner@^4.2.0:
    version "4.3.0"
    resolved "http://r.npm.sankuai.com/loader-runner/download/loader-runner-4.3.0.tgz#c1b4a163b99f614830353b16755e7149ac2314e1"
    integrity sha1-wbShY7mfYUgwNTsWdV5xSawjFOE=
  
  locate-path@^5.0.0:
    version "5.0.0"
    resolved "http://r.npm.sankuai.com/locate-path/download/locate-path-5.0.0.tgz#1afba396afd676a6d42504d0a67a3a7eb9f62aa0"
    integrity sha1-Gvujlq/WdqbUJQTQpno6frn2KqA=
    dependencies:
      p-locate "^4.1.0"
  
  lodash.merge@^4.6.2:
    version "4.6.2"
    resolved "http://r.npm.sankuai.com/lodash.merge/download/lodash.merge-4.6.2.tgz#558aa53b43b661e1925a0afdfa36a9a1085fe57a"
    integrity sha1-VYqlO0O2YeGSWgr9+japoQhf5Xo=
  
  lodash.sortby@^4.7.0:
    version "4.7.0"
    resolved "http://r.npm.sankuai.com/lodash.sortby/download/lodash.sortby-4.7.0.tgz#edd14c824e2cc9c1e0b0a1b42bb5210516a42438"
    integrity sha1-7dFMgk4sycHgsKG0K7UhBRakJDg=
  
  lodash@^4.17.20, lodash@^4.17.21:
    version "4.17.21"
    resolved "http://r.npm.sankuai.com/lodash/download/lodash-4.17.21.tgz#679591c564c3bffaae8454cf0b3df370c3d6911c"
    integrity sha1-Z5WRxWTDv/quhFTPCz3zcMPWkRw=
  
  loose-envify@^1.1.0:
    version "1.4.0"
    resolved "http://r.npm.sankuai.com/loose-envify/download/loose-envify-1.4.0.tgz#71ee51fa7be4caec1a63839f7e682d8132d30caf"
    integrity sha1-ce5R+nvkyuwaY4OffmgtgTLTDK8=
    dependencies:
      js-tokens "^3.0.0 || ^4.0.0"
  
  lower-case@^2.0.2:
    version "2.0.2"
    resolved "http://r.npm.sankuai.com/lower-case/download/lower-case-2.0.2.tgz#6fa237c63dbdc4a82ca0fd882e4722dc5e634e28"
    integrity sha1-b6I3xj29xKgsoP2ILkci3F5jTig=
    dependencies:
      tslib "^2.0.3"
  
  merge-stream@^2.0.0:
    version "2.0.0"
    resolved "http://r.npm.sankuai.com/merge-stream/download/merge-stream-2.0.0.tgz#52823629a14dd00c9770fb6ad47dc6310f2c1f60"
    integrity sha1-UoI2KaFN0AyXcPtq1H3GMQ8sH2A=
  
  mime-db@1.52.0:
    version "1.52.0"
    resolved "http://r.npm.sankuai.com/mime-db/download/mime-db-1.52.0.tgz#bbabcdc02859f4987301c856e3387ce5ec43bf70"
    integrity sha1-u6vNwChZ9JhzAchW4zh85exDv3A=
  
  mime-types@^2.1.27:
    version "2.1.35"
    resolved "http://r.npm.sankuai.com/mime-types/download/mime-types-2.1.35.tgz#381a871b62a734450660ae3deee44813f70d959a"
    integrity sha1-OBqHG2KnNEUGYK497uRIE/cNlZo=
    dependencies:
      mime-db "1.52.0"
  
  mimic-fn@^2.1.0:
    version "2.1.0"
    resolved "http://r.npm.sankuai.com/mimic-fn/download/mimic-fn-2.1.0.tgz#7ed2c2ccccaf84d3ffcb7a69b57711fc2083401b"
    integrity sha1-ftLCzMyvhNP/y3pptXcR/CCDQBs=
  
  minimatch@^3.0.4, minimatch@^3.1.1, minimatch@^3.1.2:
    version "3.1.2"
    resolved "http://r.npm.sankuai.com/minimatch/download/minimatch-3.1.2.tgz#19cd194bfd3e428f049a70817c038d89ab4be35b"
    integrity sha1-Gc0ZS/0+Qo8EmnCBfAONiatL41s=
    dependencies:
      brace-expansion "^1.1.7"
  
  ms@2.1.2:
    version "2.1.2"
    resolved "http://r.npm.sankuai.com/ms/download/ms-2.1.2.tgz#d09d1f357b443f493382a8eb3ccd183872ae6009"
    integrity sha1-0J0fNXtEP0kzgqjrPM0YOHKuYAk=
  
  natural-compare@^1.4.0:
    version "1.4.0"
    resolved "http://r.npm.sankuai.com/natural-compare/download/natural-compare-1.4.0.tgz#4abebfeed7541f2c27acfb29bdbbd15c8d5ba4f7"
    integrity sha1-Sr6/7tdUHywnrPspvbvRXI1bpPc=
  
  neo-async@^2.6.2:
    version "2.6.2"
    resolved "http://r.npm.sankuai.com/neo-async/download/neo-async-2.6.2.tgz#b4aafb93e3aeb2d8174ca53cf163ab7d7308305f"
    integrity sha1-tKr7k+OustgXTKU88WOrfXMIMF8=
  
  no-case@^3.0.4:
    version "3.0.4"
    resolved "http://r.npm.sankuai.com/no-case/download/no-case-3.0.4.tgz#d361fd5c9800f558551a8369fc0dcd4662b6124d"
    integrity sha1-02H9XJgA9VhVGoNp/A3NRmK2Ek0=
    dependencies:
      lower-case "^2.0.2"
      tslib "^2.0.3"
  
  node-releases@^2.0.3:
    version "2.0.4"
    resolved "http://r.npm.sankuai.com/node-releases/download/node-releases-2.0.4.tgz#f38252370c43854dc48aa431c766c6c398f40476"
    integrity sha1-84JSNwxDhU3EiqQxx2bGw5j0BHY=
  
  npm-run-path@^4.0.1:
    version "4.0.1"
    resolved "http://r.npm.sankuai.com/npm-run-path/download/npm-run-path-4.0.1.tgz#b7ecd1e5ed53da8e37a55e1c2269e0b97ed748ea"
    integrity sha1-t+zR5e1T2o43pV4cImnguX7XSOo=
    dependencies:
      path-key "^3.0.0"
  
  nth-check@^2.0.1:
    version "2.0.1"
    resolved "http://r.npm.sankuai.com/nth-check/download/nth-check-2.0.1.tgz#2efe162f5c3da06a28959fbd3db75dbeea9f0fc2"
    integrity sha1-Lv4WL1w9oGoolZ+9PbddvuqfD8I=
    dependencies:
      boolbase "^1.0.0"
  
  once@^1.3.0:
    version "1.4.0"
    resolved "http://r.npm.sankuai.com/once/download/once-1.4.0.tgz#583b1aa775961d4b113ac17d9c50baef9dd76bd1"
    integrity sha1-WDsap3WWHUsROsF9nFC6753Xa9E=
    dependencies:
      wrappy "1"
  
  onetime@^5.1.2:
    version "5.1.2"
    resolved "http://r.npm.sankuai.com/onetime/download/onetime-5.1.2.tgz#d0e96ebb56b07476df1dd9c4806e5237985ca45e"
    integrity sha1-0Oluu1awdHbfHdnEgG5SN5hcpF4=
    dependencies:
      mimic-fn "^2.1.0"
  
  optionator@^0.9.1:
    version "0.9.1"
    resolved "http://r.npm.sankuai.com/optionator/download/optionator-0.9.1.tgz#4f236a6373dae0566a6d43e1326674f50c291499"
    integrity sha1-TyNqY3Pa4FZqbUPhMmZ09QwpFJk=
    dependencies:
      deep-is "^0.1.3"
      fast-levenshtein "^2.0.6"
      levn "^0.4.1"
      prelude-ls "^1.2.1"
      type-check "^0.4.0"
      word-wrap "^1.2.3"
  
  p-limit@^2.2.0:
    version "2.3.0"
    resolved "http://r.npm.sankuai.com/p-limit/download/p-limit-2.3.0.tgz#3dd33c647a214fdfffd835933eb086da0dc21db1"
    integrity sha1-PdM8ZHohT9//2DWTPrCG2g3CHbE=
    dependencies:
      p-try "^2.0.0"
  
  p-locate@^4.1.0:
    version "4.1.0"
    resolved "http://r.npm.sankuai.com/p-locate/download/p-locate-4.1.0.tgz#a3428bb7088b3a60292f66919278b7c297ad4f07"
    integrity sha1-o0KLtwiLOmApL2aRkni3wpetTwc=
    dependencies:
      p-limit "^2.2.0"
  
  p-try@^2.0.0:
    version "2.2.0"
    resolved "http://r.npm.sankuai.com/p-try/download/p-try-2.2.0.tgz#cb2868540e313d61de58fafbe35ce9004d5540e6"
    integrity sha1-yyhoVA4xPWHeWPr741zpAE1VQOY=
  
  param-case@^3.0.4:
    version "3.0.4"
    resolved "http://r.npm.sankuai.com/param-case/download/param-case-3.0.4.tgz#7d17fe4aa12bde34d4a77d91acfb6219caad01c5"
    integrity sha1-fRf+SqEr3jTUp32RrPtiGcqtAcU=
    dependencies:
      dot-case "^3.0.4"
      tslib "^2.0.3"
  
  parent-module@^1.0.0:
    version "1.0.1"
    resolved "http://r.npm.sankuai.com/parent-module/download/parent-module-1.0.1.tgz#691d2709e78c79fae3a156622452d00762caaaa2"
    integrity sha1-aR0nCeeMefrjoVZiJFLQB2LKqqI=
    dependencies:
      callsites "^3.0.0"
  
  pascal-case@^3.1.2:
    version "3.1.2"
    resolved "http://r.npm.sankuai.com/pascal-case/download/pascal-case-3.1.2.tgz#b48e0ef2b98e205e7c1dae747d0b1508237660eb"
    integrity sha1-tI4O8rmOIF58Ha50fQsVCCN2YOs=
    dependencies:
      no-case "^3.0.4"
      tslib "^2.0.3"
  
  path-exists@^4.0.0:
    version "4.0.0"
    resolved "http://r.npm.sankuai.com/path-exists/download/path-exists-4.0.0.tgz#513bdbe2d3b95d7762e8c1137efa195c6c61b5b3"
    integrity sha1-UTvb4tO5XXdi6METfvoZXGxhtbM=
  
  path-is-absolute@^1.0.0:
    version "1.0.1"
    resolved "http://r.npm.sankuai.com/path-is-absolute/download/path-is-absolute-1.0.1.tgz#174b9268735534ffbc7ace6bf53a5a9e1b5c5f5f"
    integrity sha1-F0uSaHNVNP+8es5r9TpanhtcX18=
  
  path-key@^3.0.0, path-key@^3.1.0:
    version "3.1.1"
    resolved "http://r.npm.sankuai.com/path-key/download/path-key-3.1.1.tgz#581f6ade658cbba65a0d3380de7753295054f375"
    integrity sha1-WB9q3mWMu6ZaDTOA3ndTKVBU83U=
  
  path-parse@^1.0.7:
    version "1.0.7"
    resolved "http://r.npm.sankuai.com/path-parse/download/path-parse-1.0.7.tgz#fbc114b60ca42b30d9daf5858e4bd68bbedb6735"
    integrity sha1-+8EUtgykKzDZ2vWFjkvWi77bZzU=
  
  picocolors@^1.0.0:
    version "1.0.0"
    resolved "http://r.npm.sankuai.com/picocolors/download/picocolors-1.0.0.tgz#cb5bdc74ff3f51892236eaf79d68bc44564ab81c"
    integrity sha1-y1vcdP8/UYkiNur3nWi8RFZKuBw=
  
  pkg-dir@^4.2.0:
    version "4.2.0"
    resolved "http://r.npm.sankuai.com/pkg-dir/download/pkg-dir-4.2.0.tgz#f099133df7ede422e81d1d8448270eeb3e4261f3"
    integrity sha1-8JkTPfft5CLoHR2ESCcO6z5CYfM=
    dependencies:
      find-up "^4.0.0"
  
  prelude-ls@^1.2.1:
    version "1.2.1"
    resolved "http://r.npm.sankuai.com/prelude-ls/download/prelude-ls-1.2.1.tgz#debc6489d7a6e6b0e7611888cec880337d316396"
    integrity sha1-3rxkidem5rDnYRiIzsiAM30xY5Y=
  
  prettier-linter-helpers@^1.0.0:
    version "1.0.0"
    resolved "http://r.npm.sankuai.com/prettier-linter-helpers/download/prettier-linter-helpers-1.0.0.tgz#d23d41fe1375646de2d0104d3454a3008802cf7b"
    integrity sha1-0j1B/hN1ZG3i0BBNNFSjAIgCz3s=
    dependencies:
      fast-diff "^1.1.2"
  
  prettier@^2.6.2:
    version "2.6.2"
    resolved "http://r.npm.sankuai.com/prettier/download/prettier-2.6.2.tgz#e26d71a18a74c3d0f0597f55f01fb6c06c206032"
    integrity sha1-4m1xoYp0w9DwWX9V8B+2wGwgYDI=
  
  pretty-error@^4.0.0:
    version "4.0.0"
    resolved "http://r.npm.sankuai.com/pretty-error/download/pretty-error-4.0.0.tgz#90a703f46dd7234adb46d0f84823e9d1cb8f10d6"
    integrity sha1-kKcD9G3XI0rbRtD4SCPp0cuPENY=
    dependencies:
      lodash "^4.17.20"
      renderkid "^3.0.0"
  
  punycode@^2.1.0:
    version "2.1.1"
    resolved "http://r.npm.sankuai.com/punycode/download/punycode-2.1.1.tgz#b58b010ac40c22c5657616c8d2c2c02c7bf479ec"
    integrity sha1-tYsBCsQMIsVldhbI0sLALHv0eew=
  
  randombytes@^2.1.0:
    version "2.1.0"
    resolved "http://r.npm.sankuai.com/randombytes/download/randombytes-2.1.0.tgz#df6f84372f0270dc65cdf6291349ab7a473d4f2a"
    integrity sha1-32+ENy8CcNxlzfYpE0mrekc9Tyo=
    dependencies:
      safe-buffer "^5.1.0"
  
  react-router-dom@^6.3.0:
    version "6.3.0"
    resolved "http://r.npm.sankuai.com/react-router-dom/download/react-router-dom-6.3.0.tgz#a0216da813454e521905b5fa55e0e5176123f43d"
    integrity sha1-oCFtqBNFTlIZBbX6VeDlF2Ej9D0=
    dependencies:
      history "^5.2.0"
      react-router "6.3.0"
  
  react-router@6.3.0:
    version "6.3.0"
    resolved "http://r.npm.sankuai.com/react-router/download/react-router-6.3.0.tgz#3970cc64b4cb4eae0c1ea5203a80334fdd175557"
    integrity sha1-OXDMZLTLTq4MHqUgOoAzT90XVVc=
    dependencies:
      history "^5.2.0"
  
  react@^18.1.0:
    version "18.1.0"
    resolved "http://r.npm.sankuai.com/react/download/react-18.1.0.tgz#6f8620382decb17fdc5cc223a115e2adbf104890"
    integrity sha1-b4YgOC3ssX/cXMIjoRXirb8QSJA=
    dependencies:
      loose-envify "^1.1.0"
  
  rechoir@^0.7.0:
    version "0.7.1"
    resolved "http://r.npm.sankuai.com/rechoir/download/rechoir-0.7.1.tgz#9478a96a1ca135b5e88fc027f03ee92d6c645686"
    integrity sha1-lHipahyhNbXoj8An8D7pLWxkVoY=
    dependencies:
      resolve "^1.9.0"
  
  redux@^4.2.0:
    version "4.2.0"
    resolved "http://r.npm.sankuai.com/redux/download/redux-4.2.0.tgz#46f10d6e29b6666df758780437651eeb2b969f13"
    integrity sha1-RvENbim2Zm33WHgEN2Ue6yuWnxM=
    dependencies:
      "@babel/runtime" "^7.9.2"
  
  regenerator-runtime@^0.13.4:
    version "0.13.9"
    resolved "http://r.npm.sankuai.com/regenerator-runtime/download/regenerator-runtime-0.13.9.tgz#8925742a98ffd90814988d7566ad30ca3b263b52"
    integrity sha1-iSV0Kpj/2QgUmI11Zq0wyjsmO1I=
  
  regexpp@^3.2.0:
    version "3.2.0"
    resolved "http://r.npm.sankuai.com/regexpp/download/regexpp-3.2.0.tgz#0425a2768d8f23bad70ca4b90461fa2f1213e1b2"
    integrity sha1-BCWido2PI7rXDKS5BGH6LxIT4bI=
  
  relateurl@^0.2.7:
    version "0.2.7"
    resolved "http://r.npm.sankuai.com/relateurl/download/relateurl-0.2.7.tgz#54dbf377e51440aca90a4cd274600d3ff2d888a9"
    integrity sha1-VNvzd+UUQKypCkzSdGANP/LYiKk=
  
  renderkid@^3.0.0:
    version "3.0.0"
    resolved "http://r.npm.sankuai.com/renderkid/download/renderkid-3.0.0.tgz#5fd823e4d6951d37358ecc9a58b1f06836b6268a"
    integrity sha1-X9gj5NaVHTc1jsyaWLHwaDa2Joo=
    dependencies:
      css-select "^4.1.3"
      dom-converter "^0.2.0"
      htmlparser2 "^6.1.0"
      lodash "^4.17.21"
      strip-ansi "^6.0.1"
  
  resolve-cwd@^3.0.0:
    version "3.0.0"
    resolved "http://r.npm.sankuai.com/resolve-cwd/download/resolve-cwd-3.0.0.tgz#0f0075f1bb2544766cf73ba6a6e2adfebcb13f2d"
    integrity sha1-DwB18bslRHZs9zumpuKt/ryxPy0=
    dependencies:
      resolve-from "^5.0.0"
  
  resolve-from@^4.0.0:
    version "4.0.0"
    resolved "http://r.npm.sankuai.com/resolve-from/download/resolve-from-4.0.0.tgz#4abcd852ad32dd7baabfe9b40e00a36db5f392e6"
    integrity sha1-SrzYUq0y3Xuqv+m0DgCjbbXzkuY=
  
  resolve-from@^5.0.0:
    version "5.0.0"
    resolved "http://r.npm.sankuai.com/resolve-from/download/resolve-from-5.0.0.tgz#c35225843df8f776df21c57557bc087e9dfdfc69"
    integrity sha1-w1IlhD3493bfIcV1V7wIfp39/Gk=
  
  resolve@^1.9.0:
    version "1.22.0"
    resolved "http://r.npm.sankuai.com/resolve/download/resolve-1.22.0.tgz#5e0b8c67c15df57a89bdbabe603a002f21731198"
    integrity sha1-XguMZ8Fd9XqJvbq+YDoALyFzEZg=
    dependencies:
      is-core-module "^2.8.1"
      path-parse "^1.0.7"
      supports-preserve-symlinks-flag "^1.0.0"
  
  rimraf@^3.0.2:
    version "3.0.2"
    resolved "http://r.npm.sankuai.com/rimraf/download/rimraf-3.0.2.tgz#f1a5402ba6220ad52cc1282bac1ae3aa49fd061a"
    integrity sha1-8aVAK6YiCtUswSgrrBrjqkn9Bho=
    dependencies:
      glob "^7.1.3"
  
  safe-buffer@^5.1.0:
    version "5.2.1"
    resolved "http://r.npm.sankuai.com/safe-buffer/download/safe-buffer-5.2.1.tgz#1eaf9fa9bdb1fdd4ec75f58f9cdb4e6b7827eec6"
    integrity sha1-Hq+fqb2x/dTsdfWPnNtOa3gn7sY=
  
  schema-utils@^3.1.0, schema-utils@^3.1.1:
    version "3.1.1"
    resolved "http://r.npm.sankuai.com/schema-utils/download/schema-utils-3.1.1.tgz#bc74c4b6b6995c1d88f76a8b77bea7219e0c8281"
    integrity sha1-vHTEtraZXB2I92qLd76nIZ4MgoE=
    dependencies:
      "@types/json-schema" "^7.0.8"
      ajv "^6.12.5"
      ajv-keywords "^3.5.2"
  
  serialize-javascript@^6.0.0:
    version "6.0.0"
    resolved "http://r.npm.sankuai.com/serialize-javascript/download/serialize-javascript-6.0.0.tgz#efae5d88f45d7924141da8b5c3a7a7e663fefeb8"
    integrity sha1-765diPRdeSQUHai1w6en5mP+/rg=
    dependencies:
      randombytes "^2.1.0"
  
  shallow-clone@^3.0.0:
    version "3.0.1"
    resolved "http://r.npm.sankuai.com/shallow-clone/download/shallow-clone-3.0.1.tgz#8f2981ad92531f55035b01fb230769a40e02efa3"
    integrity sha1-jymBrZJTH1UDWwH7IwdppA4C76M=
    dependencies:
      kind-of "^6.0.2"
  
  shebang-command@^2.0.0:
    version "2.0.0"
    resolved "http://r.npm.sankuai.com/shebang-command/download/shebang-command-2.0.0.tgz#ccd0af4f8835fbdc265b82461aaf0c36663f34ea"
    integrity sha1-zNCvT4g1+9wmW4JGGq8MNmY/NOo=
    dependencies:
      shebang-regex "^3.0.0"
  
  shebang-regex@^3.0.0:
    version "3.0.0"
    resolved "http://r.npm.sankuai.com/shebang-regex/download/shebang-regex-3.0.0.tgz#ae16f1644d873ecad843b0307b143362d4c42172"
    integrity sha1-rhbxZE2HPsrYQ7AwexQzYtTEIXI=
  
  signal-exit@^3.0.3:
    version "3.0.7"
    resolved "http://r.npm.sankuai.com/signal-exit/download/signal-exit-3.0.7.tgz#a9a1767f8af84155114eaabd73f99273c8f59ad9"
    integrity sha1-qaF2f4r4QVURTqq9c/mSc8j1mtk=
  
  source-map-support@~0.5.20:
    version "0.5.21"
    resolved "http://r.npm.sankuai.com/source-map-support/download/source-map-support-0.5.21.tgz#04fe7c7f9e1ed2d662233c28cb2b35b9f63f6e4f"
    integrity sha1-BP58f54e0tZiIzwoyys1ufY/bk8=
    dependencies:
      buffer-from "^1.0.0"
      source-map "^0.6.0"
  
  source-map@^0.6.0, source-map@^0.6.1, source-map@~0.6.0:
    version "0.6.1"
    resolved "http://r.npm.sankuai.com/source-map/download/source-map-0.6.1.tgz#74722af32e9614e9c287a8d0bbde48b5e2f1a263"
    integrity sha1-dHIq8y6WFOnCh6jQu95IteLxomM=
  
  source-map@~0.8.0-beta.0:
    version "0.8.0-beta.0"
    resolved "http://r.npm.sankuai.com/source-map/download/source-map-0.8.0-beta.0.tgz#d4c1bb42c3f7ee925f005927ba10709e0d1d1f11"
    integrity sha1-1MG7QsP37pJfAFknuhBwng0dHxE=
    dependencies:
      whatwg-url "^7.0.0"
  
  strip-ansi@^6.0.1:
    version "6.0.1"
    resolved "http://r.npm.sankuai.com/strip-ansi/download/strip-ansi-6.0.1.tgz#9e26c63d30f53443e9489495b2105d37b67a85d9"
    integrity sha1-nibGPTD1NEPpSJSVshBdN7Z6hdk=
    dependencies:
      ansi-regex "^5.0.1"
  
  strip-final-newline@^2.0.0:
    version "2.0.0"
    resolved "http://r.npm.sankuai.com/strip-final-newline/download/strip-final-newline-2.0.0.tgz#89b852fb2fcbe936f6f4b3187afb0a12c1ab58ad"
    integrity sha1-ibhS+y/L6Tb29LMYevsKEsGrWK0=
  
  strip-json-comments@^3.1.0, strip-json-comments@^3.1.1:
    version "3.1.1"
    resolved "http://r.npm.sankuai.com/strip-json-comments/download/strip-json-comments-3.1.1.tgz#31f1281b3832630434831c310c01cccda8cbe006"
    integrity sha1-MfEoGzgyYwQ0gxwxDAHMzajL4AY=
  
  supports-color@^7.1.0:
    version "7.2.0"
    resolved "http://r.npm.sankuai.com/supports-color/download/supports-color-7.2.0.tgz#1b7dcdcb32b8138801b3e478ba6a51caa89648da"
    integrity sha1-G33NyzK4E4gBs+R4umpRyqiWSNo=
    dependencies:
      has-flag "^4.0.0"
  
  supports-color@^8.0.0:
    version "8.1.1"
    resolved "http://r.npm.sankuai.com/supports-color/download/supports-color-8.1.1.tgz#cd6fc17e28500cff56c1b86c0a7fd4a54a73005c"
    integrity sha1-zW/BfihQDP9WwbhsCn/UpUpzAFw=
    dependencies:
      has-flag "^4.0.0"
  
  supports-preserve-symlinks-flag@^1.0.0:
    version "1.0.0"
    resolved "http://r.npm.sankuai.com/supports-preserve-symlinks-flag/download/supports-preserve-symlinks-flag-1.0.0.tgz#6eda4bd344a3c94aea376d4cc31bc77311039e09"
    integrity sha1-btpL00SjyUrqN21MwxvHcxEDngk=
  
  tapable@^2.0.0, tapable@^2.1.1, tapable@^2.2.0:
    version "2.2.1"
    resolved "http://r.npm.sankuai.com/tapable/download/tapable-2.2.1.tgz#1967a73ef4060a82f12ab96af86d52fdb76eeca0"
    integrity sha1-GWenPvQGCoLxKrlq+G1S/bdu7KA=
  
  terser-webpack-plugin@^5.1.3:
    version "5.3.1"
    resolved "http://r.npm.sankuai.com/terser-webpack-plugin/download/terser-webpack-plugin-5.3.1.tgz#0320dcc270ad5372c1e8993fabbd927929773e54"
    integrity sha1-AyDcwnCtU3LB6Jk/q72SeSl3PlQ=
    dependencies:
      jest-worker "^27.4.5"
      schema-utils "^3.1.1"
      serialize-javascript "^6.0.0"
      source-map "^0.6.1"
      terser "^5.7.2"
  
  terser@^5.10.0, terser@^5.7.2:
    version "5.13.1"
    resolved "http://r.npm.sankuai.com/terser/download/terser-5.13.1.tgz#66332cdc5a01b04a224c9fad449fc1a18eaa1799"
    integrity sha1-ZjMs3FoBsEoiTJ+tRJ/BoY6qF5k=
    dependencies:
      acorn "^8.5.0"
      commander "^2.20.0"
      source-map "~0.8.0-beta.0"
      source-map-support "~0.5.20"
  
  text-table@^0.2.0:
    version "0.2.0"
    resolved "http://r.npm.sankuai.com/text-table/download/text-table-0.2.0.tgz#7f5ee823ae805207c00af2df4a84ec3fcfa570b4"
    integrity sha1-f17oI66AUgfACvLfSoTsP8+lcLQ=
  
  tr46@^1.0.1:
    version "1.0.1"
    resolved "http://r.npm.sankuai.com/tr46/download/tr46-1.0.1.tgz#a8b13fd6bfd2489519674ccde55ba3693b706d09"
    integrity sha1-qLE/1r/SSJUZZ0zN5VujaTtwbQk=
    dependencies:
      punycode "^2.1.0"
  
  tslib@^2.0.3:
    version "2.4.0"
    resolved "http://r.npm.sankuai.com/tslib/download/tslib-2.4.0.tgz#7cecaa7f073ce680a05847aa77be941098f36dc3"
    integrity sha1-fOyqfwc85oCgWEeqd76UEJjzbcM=
  
  type-check@^0.4.0, type-check@~0.4.0:
    version "0.4.0"
    resolved "http://r.npm.sankuai.com/type-check/download/type-check-0.4.0.tgz#07b8203bfa7056c0657050e3ccd2c37730bab8f1"
    integrity sha1-B7ggO/pwVsBlcFDjzNLDdzC6uPE=
    dependencies:
      prelude-ls "^1.2.1"
  
  type-fest@^0.20.2:
    version "0.20.2"
    resolved "http://r.npm.sankuai.com/type-fest/download/type-fest-0.20.2.tgz#1bf207f4b28f91583666cb5fbd327887301cd5f4"
    integrity sha1-G/IH9LKPkVg2ZstfvTJ4hzAc1fQ=
  
  typescript@^4.6.4:
    version "4.6.4"
    resolved "http://r.npm.sankuai.com/typescript/download/typescript-4.6.4.tgz#caa78bbc3a59e6a5c510d35703f6a09877ce45e9"
    integrity sha1-yqeLvDpZ5qXFENNXA/agmHfORek=
  
  uri-js@^4.2.2:
    version "4.4.1"
    resolved "http://r.npm.sankuai.com/uri-js/download/uri-js-4.4.1.tgz#9b1a52595225859e55f669d928f88c6c57f2a77e"
    integrity sha1-mxpSWVIlhZ5V9mnZKPiMbFfyp34=
    dependencies:
      punycode "^2.1.0"
  
  utila@~0.4:
    version "0.4.0"
    resolved "http://r.npm.sankuai.com/utila/download/utila-0.4.0.tgz#8a16a05d445657a3aea5eecc5b12a4fa5379772c"
    integrity sha1-ihagXURWV6Oupe7MWxKk+lN5dyw=
  
  v8-compile-cache@^2.0.3:
    version "2.3.0"
    resolved "http://r.npm.sankuai.com/v8-compile-cache/download/v8-compile-cache-2.3.0.tgz#2de19618c66dc247dcfb6f99338035d8245a2cee"
    integrity sha1-LeGWGMZtwkfc+2+ZM4A12CRaLO4=
  
  watchpack@^2.3.1:
    version "2.3.1"
    resolved "http://r.npm.sankuai.com/watchpack/download/watchpack-2.3.1.tgz#4200d9447b401156eeca7767ee610f8809bc9d25"
    integrity sha1-QgDZRHtAEVbuyndn7mEPiAm8nSU=
    dependencies:
      glob-to-regexp "^0.4.1"
      graceful-fs "^4.1.2"
  
  webidl-conversions@^4.0.2:
    version "4.0.2"
    resolved "http://r.npm.sankuai.com/webidl-conversions/download/webidl-conversions-4.0.2.tgz#a855980b1f0b6b359ba1d5d9fb39ae941faa63ad"
    integrity sha1-qFWYCx8LazWbodXZ+zmulB+qY60=
  
  webpack-cli@^4.9.2:
    version "4.9.2"
    resolved "http://r.npm.sankuai.com/webpack-cli/download/webpack-cli-4.9.2.tgz#77c1adaea020c3f9e2db8aad8ea78d235c83659d"
    integrity sha1-d8GtrqAgw/ni24qtjqeNI1yDZZ0=
    dependencies:
      "@discoveryjs/json-ext" "^0.5.0"
      "@webpack-cli/configtest" "^1.1.1"
      "@webpack-cli/info" "^1.4.1"
      "@webpack-cli/serve" "^1.6.1"
      colorette "^2.0.14"
      commander "^7.0.0"
      execa "^5.0.0"
      fastest-levenshtein "^1.0.12"
      import-local "^3.0.2"
      interpret "^2.2.0"
      rechoir "^0.7.0"
      webpack-merge "^5.7.3"
  
  webpack-merge@^5.7.3:
    version "5.8.0"
    resolved "http://r.npm.sankuai.com/webpack-merge/download/webpack-merge-5.8.0.tgz#2b39dbf22af87776ad744c390223731d30a68f61"
    integrity sha1-Kznb8ir4d3atdEw5AiNzHTCmj2E=
    dependencies:
      clone-deep "^4.0.1"
      wildcard "^2.0.0"
  
  webpack-sources@^3.2.3:
    version "3.2.3"
    resolved "http://r.npm.sankuai.com/webpack-sources/download/webpack-sources-3.2.3.tgz#2d4daab8451fd4b240cc27055ff6a0c2ccea0cde"
    integrity sha1-LU2quEUf1LJAzCcFX/agwszqDN4=
  
  webpack@^5.72.1:
    version "5.72.1"
    resolved "http://r.npm.sankuai.com/webpack/download/webpack-5.72.1.tgz#3500fc834b4e9ba573b9f430b2c0a61e1bb57d13"
    integrity sha1-NQD8g0tOm6VzufQwssCmHhu1fRM=
    dependencies:
      "@types/eslint-scope" "^3.7.3"
      "@types/estree" "^0.0.51"
      "@webassemblyjs/ast" "1.11.1"
      "@webassemblyjs/wasm-edit" "1.11.1"
      "@webassemblyjs/wasm-parser" "1.11.1"
      acorn "^8.4.1"
      acorn-import-assertions "^1.7.6"
      browserslist "^4.14.5"
      chrome-trace-event "^1.0.2"
      enhanced-resolve "^5.9.3"
      es-module-lexer "^0.9.0"
      eslint-scope "5.1.1"
      events "^3.2.0"
      glob-to-regexp "^0.4.1"
      graceful-fs "^4.2.9"
      json-parse-even-better-errors "^2.3.1"
      loader-runner "^4.2.0"
      mime-types "^2.1.27"
      neo-async "^2.6.2"
      schema-utils "^3.1.0"
      tapable "^2.1.1"
      terser-webpack-plugin "^5.1.3"
      watchpack "^2.3.1"
      webpack-sources "^3.2.3"
  
  whatwg-url@^7.0.0:
    version "7.1.0"
    resolved "http://r.npm.sankuai.com/whatwg-url/download/whatwg-url-7.1.0.tgz#c2c492f1eca612988efd3d2266be1b9fc6170d06"
    integrity sha1-wsSS8eymEpiO/T0iZr4bn8YXDQY=
    dependencies:
      lodash.sortby "^4.7.0"
      tr46 "^1.0.1"
      webidl-conversions "^4.0.2"
  
  which@^2.0.1:
    version "2.0.2"
    resolved "http://r.npm.sankuai.com/which/download/which-2.0.2.tgz#7c6a8dd0a636a0327e10b59c9286eee93f3f51b1"
    integrity sha1-fGqN0KY2oDJ+ELWckobu6T8/UbE=
    dependencies:
      isexe "^2.0.0"
  
  wildcard@^2.0.0:
    version "2.0.0"
    resolved "http://r.npm.sankuai.com/wildcard/download/wildcard-2.0.0.tgz#a77d20e5200c6faaac979e4b3aadc7b3dd7f8fec"
    integrity sha1-p30g5SAMb6qsl55LOq3Hs91/j+w=
  
  word-wrap@^1.2.3:
    version "1.2.3"
    resolved "http://r.npm.sankuai.com/word-wrap/download/word-wrap-1.2.3.tgz#610636f6b1f703891bd34771ccb17fb93b47079c"
    integrity sha1-YQY29rH3A4kb00dxzLF/uTtHB5w=
  
  wrappy@1:
    version "1.0.2"
    resolved "http://r.npm.sankuai.com/wrappy/download/wrappy-1.0.2.tgz#b5243d8f3ec1aa35f1364605bc0d1036e30ab69f"
    integrity sha1-tSQ9jz7BqjXxNkYFvA0QNuMKtp8=
